<?xml version="1.0" encoding="UTF-8"?>
<testng-results skipped="0" failed="1" ignored="0" total="3" passed="2">
  <reporter-output>
  </reporter-output>
  <suite name="Suite" duration-ms="131853" started-at="2018-07-07T09:47:47Z" finished-at="2018-07-07T09:49:58Z">
    <groups>
    </groups>
    <test name="Test" duration-ms="0" started-at="2018-07-07T09:47:47Z" finished-at="2018-07-07T09:47:47Z">
    </test> <!-- Test -->
    <test name="HomePage Test" duration-ms="57302" started-at="2018-07-07T09:47:47Z" finished-at="2018-07-07T09:48:44Z">
      <class name="Auto.HomePage">
        <test-method status="PASS" signature="initialize()[pri:0, instance:Auto.HomePage@46d59067]" name="initialize" is-config="true" duration-ms="44225" started-at="2018-07-07T09:47:47Z" finished-at="2018-07-07T09:48:31Z">
          <reporter-output>
          </reporter-output>
        </test-method> <!-- initialize -->
        <test-method status="FAIL" signature="HomePageNavigation(java.lang.String, java.lang.String)[pri:0, instance:Auto.HomePage@46d59067]" name="HomePageNavigation" duration-ms="11351" started-at="2018-07-07T09:48:31Z" data-provider="getdata" finished-at="2018-07-07T09:48:42Z">
          <params>
            <param index="0">
              <value>
                <![CDATA[testusername1]]>
              </value>
            </param>
            <param index="1">
              <value>
                <![CDATA[testpassword1]]>
              </value>
            </param>
          </params>
          <exception class="org.openqa.selenium.NoSuchElementException">
            <message>
              <![CDATA[no such element: Unable to locate element: {"method":"css selector","selector":"a.btn-clear"}
  (Session info: chrome=67.0.3396.99)
  (Driver info: chromedriver=2.38.552522 (437e6fbedfa8762dec75e2c5b3ddb86763dc9dcb),platform=Windows NT 10.0.16299 x86_64) (WARNING: The server did not provide any stacktrace information)
Command duration or timeout: 10.06 seconds
For documentation on this error, please visit: http://seleniumhq.org/exceptions/no_such_element.html
Build info: version: '3.4.0', revision: 'unknown', time: 'unknown'
System info: host: 'TINZAR', ip: '192.168.1.101', os.name: 'Windows 10', os.arch: 'amd64', os.version: '10.0', java.version: '1.8.0_141'
Driver info: org.openqa.selenium.ie.InternetExplorerDriver
Capabilities [{applicationCacheEnabled=false, rotatable=false, mobileEmulationEnabled=false, networkConnectionEnabled=false, chrome={chromedriverVersion=2.38.552522 (437e6fbedfa8762dec75e2c5b3ddb86763dc9dcb), userDataDir=C:\Users\tinzar\AppData\Local\Temp\scoped_dir6420_30494}, takesHeapSnapshot=true, pageLoadStrategy=normal, databaseEnabled=false, handlesAlerts=true, hasTouchScreen=false, version=67.0.3396.99, platform=XP, browserConnectionEnabled=false, nativeEvents=true, acceptSslCerts=false, acceptInsecureCerts=false, locationContextEnabled=true, webStorageEnabled=true, browserName=chrome, takesScreenshot=true, javascriptEnabled=true, cssSelectorsEnabled=true, setWindowRect=true, unexpectedAlertBehaviour=}]
Session ID: a58c2c41bab849682d720fa932acb007
*** Element info: {Using=css selector, value=a.btn-clear}]]>
            </message>
            <full-stacktrace>
              <![CDATA[org.openqa.selenium.NoSuchElementException: no such element: Unable to locate element: {"method":"css selector","selector":"a.btn-clear"}
  (Session info: chrome=67.0.3396.99)
  (Driver info: chromedriver=2.38.552522 (437e6fbedfa8762dec75e2c5b3ddb86763dc9dcb),platform=Windows NT 10.0.16299 x86_64) (WARNING: The server did not provide any stacktrace information)
Command duration or timeout: 10.06 seconds
For documentation on this error, please visit: http://seleniumhq.org/exceptions/no_such_element.html
Build info: version: '3.4.0', revision: 'unknown', time: 'unknown'
System info: host: 'TINZAR', ip: '192.168.1.101', os.name: 'Windows 10', os.arch: 'amd64', os.version: '10.0', java.version: '1.8.0_141'
Driver info: org.openqa.selenium.ie.InternetExplorerDriver
Capabilities [{applicationCacheEnabled=false, rotatable=false, mobileEmulationEnabled=false, networkConnectionEnabled=false, chrome={chromedriverVersion=2.38.552522 (437e6fbedfa8762dec75e2c5b3ddb86763dc9dcb), userDataDir=C:\Users\tinzar\AppData\Local\Temp\scoped_dir6420_30494}, takesHeapSnapshot=true, pageLoadStrategy=normal, databaseEnabled=false, handlesAlerts=true, hasTouchScreen=false, version=67.0.3396.99, platform=XP, browserConnectionEnabled=false, nativeEvents=true, acceptSslCerts=false, acceptInsecureCerts=false, locationContextEnabled=true, webStorageEnabled=true, browserName=chrome, takesScreenshot=true, javascriptEnabled=true, cssSelectorsEnabled=true, setWindowRect=true, unexpectedAlertBehaviour=}]
Session ID: a58c2c41bab849682d720fa932acb007
*** Element info: {Using=css selector, value=a.btn-clear}
at sun.reflect.NativeConstructorAccessorImpl.newInstance0(Native Method)
at sun.reflect.NativeConstructorAccessorImpl.newInstance(NativeConstructorAccessorImpl.java:62)
at sun.reflect.DelegatingConstructorAccessorImpl.newInstance(DelegatingConstructorAccessorImpl.java:45)
at java.lang.reflect.Constructor.newInstance(Constructor.java:423)
at org.openqa.selenium.remote.ErrorHandler.createThrowable(ErrorHandler.java:215)
at org.openqa.selenium.remote.ErrorHandler.throwIfResponseFailed(ErrorHandler.java:167)
at org.openqa.selenium.remote.RemoteWebDriver.execute(RemoteWebDriver.java:671)
at org.openqa.selenium.remote.RemoteWebDriver.findElement(RemoteWebDriver.java:410)
at org.openqa.selenium.remote.RemoteWebDriver.findElementByCssSelector(RemoteWebDriver.java:501)
at org.openqa.selenium.By$ByCssSelector.findElement(By.java:430)
at org.openqa.selenium.remote.RemoteWebDriver.findElement(RemoteWebDriver.java:402)
at pageObjects.LandingPage.getSignIn(LandingPage.java:22)
at Auto.HomePage.HomePageNavigation(HomePage.java:36)
at sun.reflect.NativeMethodAccessorImpl.invoke0(Native Method)
at sun.reflect.NativeMethodAccessorImpl.invoke(NativeMethodAccessorImpl.java:62)
at sun.reflect.DelegatingMethodAccessorImpl.invoke(DelegatingMethodAccessorImpl.java:43)
at java.lang.reflect.Method.invoke(Method.java:498)
at org.testng.internal.MethodInvocationHelper.invokeMethod(MethodInvocationHelper.java:124)
at org.testng.internal.Invoker.invokeMethod(Invoker.java:583)
at org.testng.internal.Invoker.invokeTestMethod(Invoker.java:719)
at org.testng.internal.Invoker.invokeTestMethods(Invoker.java:989)
at org.testng.internal.TestMethodWorker.invokeTestMethods(TestMethodWorker.java:125)
at org.testng.internal.TestMethodWorker.run(TestMethodWorker.java:109)
at org.testng.TestRunner.privateRun(TestRunner.java:648)
at org.testng.TestRunner.run(TestRunner.java:505)
at org.testng.SuiteRunner.runTest(SuiteRunner.java:455)
at org.testng.SuiteRunner.runSequentially(SuiteRunner.java:450)
at org.testng.SuiteRunner.privateRun(SuiteRunner.java:415)
at org.testng.SuiteRunner.run(SuiteRunner.java:364)
at org.testng.SuiteRunnerWorker.runSuite(SuiteRunnerWorker.java:52)
at org.testng.SuiteRunnerWorker.run(SuiteRunnerWorker.java:84)
at org.testng.TestNG.runSuitesSequentially(TestNG.java:1208)
at org.testng.TestNG.runSuitesLocally(TestNG.java:1137)
at org.testng.TestNG.runSuites(TestNG.java:1049)
at org.testng.TestNG.run(TestNG.java:1017)
at org.apache.maven.surefire.testng.TestNGExecutor.run(TestNGExecutor.java:283)
at org.apache.maven.surefire.testng.TestNGXmlTestSuite.execute(TestNGXmlTestSuite.java:75)
at org.apache.maven.surefire.testng.TestNGProvider.invoke(TestNGProvider.java:120)
at org.apache.maven.surefire.booter.ForkedBooter.invokeProviderInSameClassLoader(ForkedBooter.java:386)
at org.apache.maven.surefire.booter.ForkedBooter.runSuitesInProcess(ForkedBooter.java:323)
at org.apache.maven.surefire.booter.ForkedBooter.main(ForkedBooter.java:143)
]]>
            </full-stacktrace>
          </exception> <!-- org.openqa.selenium.NoSuchElementException -->
          <reporter-output>
          </reporter-output>
        </test-method> <!-- HomePageNavigation -->
        <test-method status="PASS" signature="tearDown()[pri:0, instance:Auto.HomePage@46d59067]" name="tearDown" is-config="true" duration-ms="1270" started-at="2018-07-07T09:48:43Z" finished-at="2018-07-07T09:48:44Z">
          <reporter-output>
          </reporter-output>
        </test-method> <!-- tearDown -->
      </class> <!-- Auto.HomePage -->
    </test> <!-- HomePage Test -->
    <test name="Navigation Test" duration-ms="34421" started-at="2018-07-07T09:48:44Z" finished-at="2018-07-07T09:49:19Z">
      <class name="Auto.validateNavBar">
        <test-method status="PASS" signature="initialize()[pri:0, instance:Auto.validateNavBar@d2de489]" name="initialize" is-config="true" duration-ms="31254" started-at="2018-07-07T09:48:44Z" finished-at="2018-07-07T09:49:15Z">
          <reporter-output>
          </reporter-output>
        </test-method> <!-- initialize -->
        <test-method status="PASS" signature="ValidateNavUser()[pri:0, instance:Auto.validateNavBar@d2de489]" name="ValidateNavUser" duration-ms="1396" started-at="2018-07-07T09:49:15Z" finished-at="2018-07-07T09:49:17Z">
          <reporter-output>
          </reporter-output>
        </test-method> <!-- ValidateNavUser -->
        <test-method status="PASS" signature="tearDown()[pri:0, instance:Auto.validateNavBar@d2de489]" name="tearDown" is-config="true" duration-ms="1422" started-at="2018-07-07T09:49:17Z" finished-at="2018-07-07T09:49:19Z">
          <reporter-output>
          </reporter-output>
        </test-method> <!-- tearDown -->
      </class> <!-- Auto.validateNavBar -->
    </test> <!-- Navigation Test -->
    <test name="Title Test" duration-ms="39781" started-at="2018-07-07T09:49:19Z" finished-at="2018-07-07T09:49:58Z">
      <class name="Auto.validateTitle">
        <test-method status="PASS" signature="initialize()[pri:0, instance:Auto.validateTitle@3e0e1046]" name="initialize" is-config="true" duration-ms="36535" started-at="2018-07-07T09:49:19Z" finished-at="2018-07-07T09:49:55Z">
          <reporter-output>
          </reporter-output>
        </test-method> <!-- initialize -->
        <test-method status="PASS" signature="ValidateTitle()[pri:0, instance:Auto.validateTitle@3e0e1046]" name="ValidateTitle" duration-ms="941" started-at="2018-07-07T09:49:55Z" finished-at="2018-07-07T09:49:56Z">
          <reporter-output>
          </reporter-output>
        </test-method> <!-- ValidateTitle -->
        <test-method status="PASS" signature="tearDown()[pri:0, instance:Auto.validateTitle@3e0e1046]" name="tearDown" is-config="true" duration-ms="1903" started-at="2018-07-07T09:49:57Z" finished-at="2018-07-07T09:49:58Z">
          <reporter-output>
          </reporter-output>
        </test-method> <!-- tearDown -->
      </class> <!-- Auto.validateTitle -->
    </test> <!-- Title Test -->
  </suite> <!-- Suite -->
</testng-results>
